[12/06/21, 18:55:20:816] info: 
╔════════════════════════════════════════════════════════╗
║      Slack 4.22.0, linux 5.13.19-2-MANJARO on x64      ║
╚════════════════════════════════════════════════════════╝ 
[12/06/21, 18:55:20:817] info: Configured logger via 
{
  "enableConsoleTransport": true,
  "identifierOverride": "webapp-auth-console",
  "shouldUseNewBackend": false,
  "loggerInstanceCount": 4
}
[12/06/21, 18:55:20:817] info: Predefined values for process 
{
  "NODE_ENV": "production",
  "platform": "linux",
  "type": "browser",
  "timeZone": "Asia/Saigon",
  "PACKAGE_MANIFEST.productName": "Slack",
  "PACKAGE_MANIFEST.version": "4.22.0",
  "PACKAGE_MANIFEST.commit": "7695bbb",
  "PACKAGE_MANIFEST.branch": "HEAD"
}
